<?xml version="1.0" encoding="UTF-8"?>
<testsuite xmlns:xsi="http://www.w3.org/2001/XMLSchema-instance" xsi:noNamespaceSchemaLocation="https://maven.apache.org/surefire/maven-surefire-plugin/xsd/surefire-test-report.xsd" name="com.tian.backend.TestBackendApplicationTests" time="5.137" tests="1" errors="0" skipped="0" failures="0">
  <properties>
    <property name="gopherProxySet" value="false"/>
    <property name="awt.toolkit" value="sun.lwawt.macosx.LWCToolkit"/>
    <property name="file.encoding.pkg" value="sun.io"/>
    <property name="java.specification.version" value="1.8"/>
    <property name="sun.cpu.isalist" value=""/>
    <property name="sun.jnu.encoding" value="UTF-8"/>
    <property name="java.class.path" value="/Users/joowing/Documents/project/backend/target/test-classes:/Users/joowing/Documents/project/backend/target/classes:/Users/joowing/Documents/develope/apache-maven-3.6.3/repository/com/alibaba/fastjson/1.2.75/fastjson-1.2.75.jar:/Users/joowing/Documents/develope/apache-maven-3.6.3/repository/com/fasterxml/jackson/core/jackson-annotations/2.11.4/jackson-annotations-2.11.4.jar:/Users/joowing/Documents/develope/apache-maven-3.6.3/repository/com/fasterxml/jackson/dataformat/jackson-dataformat-xml/2.11.4/jackson-dataformat-xml-2.11.4.jar:/Users/joowing/Documents/develope/apache-maven-3.6.3/repository/com/fasterxml/jackson/core/jackson-core/2.11.4/jackson-core-2.11.4.jar:/Users/joowing/Documents/develope/apache-maven-3.6.3/repository/com/fasterxml/jackson/core/jackson-databind/2.11.4/jackson-databind-2.11.4.jar:/Users/joowing/Documents/develope/apache-maven-3.6.3/repository/com/fasterxml/jackson/module/jackson-module-jaxb-annotations/2.11.4/jackson-module-jaxb-annotations-2.11.4.jar:/Users/joowing/Documents/develope/apache-maven-3.6.3/repository/jakarta/activation/jakarta.activation-api/1.2.2/jakarta.activation-api-1.2.2.jar:/Users/joowing/Documents/develope/apache-maven-3.6.3/repository/org/codehaus/woodstox/stax2-api/4.2.1/stax2-api-4.2.1.jar:/Users/joowing/Documents/develope/apache-maven-3.6.3/repository/com/fasterxml/woodstox/woodstox-core/6.2.3/woodstox-core-6.2.3.jar:/Users/joowing/Documents/develope/apache-maven-3.6.3/repository/cn/hutool/hutool-all/5.6.3/hutool-all-5.6.3.jar:/Users/joowing/Documents/develope/apache-maven-3.6.3/repository/org/springframework/boot/spring-boot-starter/2.4.4/spring-boot-starter-2.4.4.jar:/Users/joowing/Documents/develope/apache-maven-3.6.3/repository/org/springframework/boot/spring-boot/2.4.4/spring-boot-2.4.4.jar:/Users/joowing/Documents/develope/apache-maven-3.6.3/repository/org/springframework/spring-context/5.3.5/spring-context-5.3.5.jar:/Users/joowing/Documents/develope/apache-maven-3.6.3/repository/org/springframework/boot/spring-boot-autoconfigure/2.4.4/spring-boot-autoconfigure-2.4.4.jar:/Users/joowing/Documents/develope/apache-maven-3.6.3/repository/org/springframework/boot/spring-boot-starter-logging/2.4.4/spring-boot-starter-logging-2.4.4.jar:/Users/joowing/Documents/develope/apache-maven-3.6.3/repository/ch/qos/logback/logback-classic/1.2.3/logback-classic-1.2.3.jar:/Users/joowing/Documents/develope/apache-maven-3.6.3/repository/ch/qos/logback/logback-core/1.2.3/logback-core-1.2.3.jar:/Users/joowing/Documents/develope/apache-maven-3.6.3/repository/org/apache/logging/log4j/log4j-to-slf4j/2.13.3/log4j-to-slf4j-2.13.3.jar:/Users/joowing/Documents/develope/apache-maven-3.6.3/repository/org/apache/logging/log4j/log4j-api/2.13.3/log4j-api-2.13.3.jar:/Users/joowing/Documents/develope/apache-maven-3.6.3/repository/org/slf4j/jul-to-slf4j/1.7.30/jul-to-slf4j-1.7.30.jar:/Users/joowing/Documents/develope/apache-maven-3.6.3/repository/jakarta/annotation/jakarta.annotation-api/1.3.5/jakarta.annotation-api-1.3.5.jar:/Users/joowing/Documents/develope/apache-maven-3.6.3/repository/org/springframework/spring-core/5.3.5/spring-core-5.3.5.jar:/Users/joowing/Documents/develope/apache-maven-3.6.3/repository/org/springframework/spring-jcl/5.3.5/spring-jcl-5.3.5.jar:/Users/joowing/Documents/develope/apache-maven-3.6.3/repository/org/yaml/snakeyaml/1.27/snakeyaml-1.27.jar:/Users/joowing/Documents/develope/apache-maven-3.6.3/repository/com/baomidou/mybatis-plus-boot-starter/3.3.2/mybatis-plus-boot-starter-3.3.2.jar:/Users/joowing/Documents/develope/apache-maven-3.6.3/repository/com/baomidou/mybatis-plus/3.3.2/mybatis-plus-3.3.2.jar:/Users/joowing/Documents/develope/apache-maven-3.6.3/repository/com/baomidou/mybatis-plus-extension/3.3.2/mybatis-plus-extension-3.3.2.jar:/Users/joowing/Documents/develope/apache-maven-3.6.3/repository/com/baomidou/mybatis-plus-core/3.3.2/mybatis-plus-core-3.3.2.jar:/Users/joowing/Documents/develope/apache-maven-3.6.3/repository/com/baomidou/mybatis-plus-annotation/3.3.2/mybatis-plus-annotation-3.3.2.jar:/Users/joowing/Documents/develope/apache-maven-3.6.3/repository/com/github/jsqlparser/jsqlparser/3.1/jsqlparser-3.1.jar:/Users/joowing/Documents/develope/apache-maven-3.6.3/repository/org/mybatis/mybatis/3.5.4/mybatis-3.5.4.jar:/Users/joowing/Documents/develope/apache-maven-3.6.3/repository/org/mybatis/mybatis-spring/2.0.4/mybatis-spring-2.0.4.jar:/Users/joowing/Documents/develope/apache-maven-3.6.3/repository/org/springframework/boot/spring-boot-starter-jdbc/2.4.4/spring-boot-starter-jdbc-2.4.4.jar:/Users/joowing/Documents/develope/apache-maven-3.6.3/repository/com/zaxxer/HikariCP/3.4.5/HikariCP-3.4.5.jar:/Users/joowing/Documents/develope/apache-maven-3.6.3/repository/org/springframework/spring-jdbc/5.3.5/spring-jdbc-5.3.5.jar:/Users/joowing/Documents/develope/apache-maven-3.6.3/repository/org/projectlombok/lombok/1.18.18/lombok-1.18.18.jar:/Users/joowing/Documents/develope/apache-maven-3.6.3/repository/org/springframework/boot/spring-boot-starter-test/2.4.4/spring-boot-starter-test-2.4.4.jar:/Users/joowing/Documents/develope/apache-maven-3.6.3/repository/org/springframework/boot/spring-boot-test/2.4.4/spring-boot-test-2.4.4.jar:/Users/joowing/Documents/develope/apache-maven-3.6.3/repository/org/springframework/boot/spring-boot-test-autoconfigure/2.4.4/spring-boot-test-autoconfigure-2.4.4.jar:/Users/joowing/Documents/develope/apache-maven-3.6.3/repository/com/jayway/jsonpath/json-path/2.4.0/json-path-2.4.0.jar:/Users/joowing/Documents/develope/apache-maven-3.6.3/repository/net/minidev/json-smart/2.3/json-smart-2.3.jar:/Users/joowing/Documents/develope/apache-maven-3.6.3/repository/net/minidev/accessors-smart/1.2/accessors-smart-1.2.jar:/Users/joowing/Documents/develope/apache-maven-3.6.3/repository/org/ow2/asm/asm/5.0.4/asm-5.0.4.jar:/Users/joowing/Documents/develope/apache-maven-3.6.3/repository/jakarta/xml/bind/jakarta.xml.bind-api/2.3.3/jakarta.xml.bind-api-2.3.3.jar:/Users/joowing/Documents/develope/apache-maven-3.6.3/repository/org/assertj/assertj-core/3.18.1/assertj-core-3.18.1.jar:/Users/joowing/Documents/develope/apache-maven-3.6.3/repository/org/hamcrest/hamcrest/2.2/hamcrest-2.2.jar:/Users/joowing/Documents/develope/apache-maven-3.6.3/repository/org/junit/jupiter/junit-jupiter/5.7.1/junit-jupiter-5.7.1.jar:/Users/joowing/Documents/develope/apache-maven-3.6.3/repository/org/junit/jupiter/junit-jupiter-api/5.7.1/junit-jupiter-api-5.7.1.jar:/Users/joowing/Documents/develope/apache-maven-3.6.3/repository/org/apiguardian/apiguardian-api/1.1.0/apiguardian-api-1.1.0.jar:/Users/joowing/Documents/develope/apache-maven-3.6.3/repository/org/opentest4j/opentest4j/1.2.0/opentest4j-1.2.0.jar:/Users/joowing/Documents/develope/apache-maven-3.6.3/repository/org/junit/platform/junit-platform-commons/1.7.1/junit-platform-commons-1.7.1.jar:/Users/joowing/Documents/develope/apache-maven-3.6.3/repository/org/junit/jupiter/junit-jupiter-params/5.7.1/junit-jupiter-params-5.7.1.jar:/Users/joowing/Documents/develope/apache-maven-3.6.3/repository/org/junit/jupiter/junit-jupiter-engine/5.7.1/junit-jupiter-engine-5.7.1.jar:/Users/joowing/Documents/develope/apache-maven-3.6.3/repository/org/junit/platform/junit-platform-engine/1.7.1/junit-platform-engine-1.7.1.jar:/Users/joowing/Documents/develope/apache-maven-3.6.3/repository/org/mockito/mockito-core/3.6.28/mockito-core-3.6.28.jar:/Users/joowing/Documents/develope/apache-maven-3.6.3/repository/net/bytebuddy/byte-buddy/1.10.22/byte-buddy-1.10.22.jar:/Users/joowing/Documents/develope/apache-maven-3.6.3/repository/net/bytebuddy/byte-buddy-agent/1.10.22/byte-buddy-agent-1.10.22.jar:/Users/joowing/Documents/develope/apache-maven-3.6.3/repository/org/objenesis/objenesis/3.1/objenesis-3.1.jar:/Users/joowing/Documents/develope/apache-maven-3.6.3/repository/org/mockito/mockito-junit-jupiter/3.6.28/mockito-junit-jupiter-3.6.28.jar:/Users/joowing/Documents/develope/apache-maven-3.6.3/repository/org/skyscreamer/jsonassert/1.5.0/jsonassert-1.5.0.jar:/Users/joowing/Documents/develope/apache-maven-3.6.3/repository/com/vaadin/external/google/android-json/0.0.20131108.vaadin1/android-json-0.0.20131108.vaadin1.jar:/Users/joowing/Documents/develope/apache-maven-3.6.3/repository/org/springframework/spring-test/5.3.5/spring-test-5.3.5.jar:/Users/joowing/Documents/develope/apache-maven-3.6.3/repository/org/xmlunit/xmlunit-core/2.7.0/xmlunit-core-2.7.0.jar:/Users/joowing/Documents/develope/apache-maven-3.6.3/repository/org/springframework/boot/spring-boot-starter-web/2.4.4/spring-boot-starter-web-2.4.4.jar:/Users/joowing/Documents/develope/apache-maven-3.6.3/repository/org/springframework/boot/spring-boot-starter-json/2.4.4/spring-boot-starter-json-2.4.4.jar:/Users/joowing/Documents/develope/apache-maven-3.6.3/repository/com/fasterxml/jackson/datatype/jackson-datatype-jdk8/2.11.4/jackson-datatype-jdk8-2.11.4.jar:/Users/joowing/Documents/develope/apache-maven-3.6.3/repository/com/fasterxml/jackson/datatype/jackson-datatype-jsr310/2.11.4/jackson-datatype-jsr310-2.11.4.jar:/Users/joowing/Documents/develope/apache-maven-3.6.3/repository/com/fasterxml/jackson/module/jackson-module-parameter-names/2.11.4/jackson-module-parameter-names-2.11.4.jar:/Users/joowing/Documents/develope/apache-maven-3.6.3/repository/org/springframework/boot/spring-boot-starter-tomcat/2.4.4/spring-boot-starter-tomcat-2.4.4.jar:/Users/joowing/Documents/develope/apache-maven-3.6.3/repository/org/apache/tomcat/embed/tomcat-embed-core/9.0.44/tomcat-embed-core-9.0.44.jar:/Users/joowing/Documents/develope/apache-maven-3.6.3/repository/org/glassfish/jakarta.el/3.0.3/jakarta.el-3.0.3.jar:/Users/joowing/Documents/develope/apache-maven-3.6.3/repository/org/apache/tomcat/embed/tomcat-embed-websocket/9.0.44/tomcat-embed-websocket-9.0.44.jar:/Users/joowing/Documents/develope/apache-maven-3.6.3/repository/org/springframework/spring-web/5.3.5/spring-web-5.3.5.jar:/Users/joowing/Documents/develope/apache-maven-3.6.3/repository/org/springframework/spring-beans/5.3.5/spring-beans-5.3.5.jar:/Users/joowing/Documents/develope/apache-maven-3.6.3/repository/org/springframework/spring-webmvc/5.3.5/spring-webmvc-5.3.5.jar:/Users/joowing/Documents/develope/apache-maven-3.6.3/repository/org/springframework/spring-aop/5.3.5/spring-aop-5.3.5.jar:/Users/joowing/Documents/develope/apache-maven-3.6.3/repository/org/springframework/spring-expression/5.3.5/spring-expression-5.3.5.jar:/Users/joowing/Documents/develope/apache-maven-3.6.3/repository/mysql/mysql-connector-java/8.0.24/mysql-connector-java-8.0.24.jar:/Users/joowing/Documents/develope/apache-maven-3.6.3/repository/org/apache/poi/poi/5.0.0/poi-5.0.0.jar:/Users/joowing/Documents/develope/apache-maven-3.6.3/repository/org/slf4j/jcl-over-slf4j/1.7.30/jcl-over-slf4j-1.7.30.jar:/Users/joowing/Documents/develope/apache-maven-3.6.3/repository/org/apache/commons/commons-collections4/4.4/commons-collections4-4.4.jar:/Users/joowing/Documents/develope/apache-maven-3.6.3/repository/org/apache/commons/commons-math3/3.6.1/commons-math3-3.6.1.jar:/Users/joowing/Documents/develope/apache-maven-3.6.3/repository/com/zaxxer/SparseBitSet/1.2/SparseBitSet-1.2.jar:/Users/joowing/Documents/develope/apache-maven-3.6.3/repository/commons-codec/commons-codec/1.15/commons-codec-1.15.jar:/Users/joowing/Documents/develope/apache-maven-3.6.3/repository/org/slf4j/slf4j-api/1.7.30/slf4j-api-1.7.30.jar:/Users/joowing/Documents/develope/apache-maven-3.6.3/repository/org/springframework/boot/spring-boot-starter-amqp/2.4.4/spring-boot-starter-amqp-2.4.4.jar:/Users/joowing/Documents/develope/apache-maven-3.6.3/repository/org/springframework/spring-messaging/5.3.5/spring-messaging-5.3.5.jar:/Users/joowing/Documents/develope/apache-maven-3.6.3/repository/org/springframework/amqp/spring-rabbit/2.3.6/spring-rabbit-2.3.6.jar:/Users/joowing/Documents/develope/apache-maven-3.6.3/repository/org/springframework/amqp/spring-amqp/2.3.6/spring-amqp-2.3.6.jar:/Users/joowing/Documents/develope/apache-maven-3.6.3/repository/org/springframework/retry/spring-retry/1.3.1/spring-retry-1.3.1.jar:/Users/joowing/Documents/develope/apache-maven-3.6.3/repository/com/rabbitmq/amqp-client/5.10.0/amqp-client-5.10.0.jar:/Users/joowing/Documents/develope/apache-maven-3.6.3/repository/org/springframework/spring-tx/5.3.5/spring-tx-5.3.5.jar:/Users/joowing/Documents/develope/apache-maven-3.6.3/repository/org/springframework/boot/spring-boot-starter-data-redis/2.4.4/spring-boot-starter-data-redis-2.4.4.jar:/Users/joowing/Documents/develope/apache-maven-3.6.3/repository/org/springframework/data/spring-data-redis/2.4.6/spring-data-redis-2.4.6.jar:/Users/joowing/Documents/develope/apache-maven-3.6.3/repository/org/springframework/data/spring-data-keyvalue/2.4.6/spring-data-keyvalue-2.4.6.jar:/Users/joowing/Documents/develope/apache-maven-3.6.3/repository/org/springframework/data/spring-data-commons/2.4.6/spring-data-commons-2.4.6.jar:/Users/joowing/Documents/develope/apache-maven-3.6.3/repository/org/springframework/spring-oxm/5.3.5/spring-oxm-5.3.5.jar:/Users/joowing/Documents/develope/apache-maven-3.6.3/repository/org/springframework/spring-context-support/5.3.5/spring-context-support-5.3.5.jar:/Users/joowing/Documents/develope/apache-maven-3.6.3/repository/io/lettuce/lettuce-core/6.0.3.RELEASE/lettuce-core-6.0.3.RELEASE.jar:/Users/joowing/Documents/develope/apache-maven-3.6.3/repository/io/netty/netty-common/4.1.60.Final/netty-common-4.1.60.Final.jar:/Users/joowing/Documents/develope/apache-maven-3.6.3/repository/io/netty/netty-handler/4.1.60.Final/netty-handler-4.1.60.Final.jar:/Users/joowing/Documents/develope/apache-maven-3.6.3/repository/io/netty/netty-resolver/4.1.60.Final/netty-resolver-4.1.60.Final.jar:/Users/joowing/Documents/develope/apache-maven-3.6.3/repository/io/netty/netty-buffer/4.1.60.Final/netty-buffer-4.1.60.Final.jar:/Users/joowing/Documents/develope/apache-maven-3.6.3/repository/io/netty/netty-codec/4.1.60.Final/netty-codec-4.1.60.Final.jar:/Users/joowing/Documents/develope/apache-maven-3.6.3/repository/io/netty/netty-transport/4.1.60.Final/netty-transport-4.1.60.Final.jar:/Users/joowing/Documents/develope/apache-maven-3.6.3/repository/io/projectreactor/reactor-core/3.4.4/reactor-core-3.4.4.jar:/Users/joowing/Documents/develope/apache-maven-3.6.3/repository/org/reactivestreams/reactive-streams/1.0.3/reactive-streams-1.0.3.jar:/Users/joowing/Documents/develope/apache-maven-3.6.3/repository/redis/clients/jedis/3.3.0/jedis-3.3.0.jar:/Users/joowing/Documents/develope/apache-maven-3.6.3/repository/org/apache/commons/commons-pool2/2.9.0/commons-pool2-2.9.0.jar:/Users/joowing/Documents/develope/apache-maven-3.6.3/repository/com/github/penggle/kaptcha/2.3.2/kaptcha-2.3.2.jar:/Users/joowing/Documents/develope/apache-maven-3.6.3/repository/javax/servlet/javax.servlet-api/4.0.1/javax.servlet-api-4.0.1.jar:/Users/joowing/Documents/develope/apache-maven-3.6.3/repository/com/jhlabs/filters/2.0.235-1/filters-2.0.235-1.jar:/Users/joowing/Documents/develope/apache-maven-3.6.3/repository/org/aspectj/aspectjweaver/1.9.6/aspectjweaver-1.9.6.jar:"/>
    <property name="java.vm.vendor" value="Oracle Corporation"/>
    <property name="sun.arch.data.model" value="64"/>
    <property name="java.vendor.url" value="http://java.oracle.com/"/>
    <property name="user.timezone" value=""/>
    <property name="java.vm.specification.version" value="1.8"/>
    <property name="os.name" value="Mac OS X"/>
    <property name="user.country" value="CN"/>
    <property name="sun.java.launcher" value="SUN_STANDARD"/>
    <property name="sun.boot.library.path" value="/Library/Java/JavaVirtualMachines/jdk1.8.0_251.jdk/Contents/Home/jre/lib"/>
    <property name="sun.java.command" value="/Users/joowing/Documents/project/backend/target/surefire/surefirebooter4442352307006820756.jar /Users/joowing/Documents/project/backend/target/surefire 2021-07-21T14-42-26_877-jvmRun1 surefire6654225991744170369tmp surefire_05280463274769390509tmp"/>
    <property name="http.nonProxyHosts" value="local|*.local|169.254/16|*.169.254/16"/>
    <property name="surefire.test.class.path" value="/Users/joowing/Documents/project/backend/target/test-classes:/Users/joowing/Documents/project/backend/target/classes:/Users/joowing/Documents/develope/apache-maven-3.6.3/repository/com/alibaba/fastjson/1.2.75/fastjson-1.2.75.jar:/Users/joowing/Documents/develope/apache-maven-3.6.3/repository/com/fasterxml/jackson/core/jackson-annotations/2.11.4/jackson-annotations-2.11.4.jar:/Users/joowing/Documents/develope/apache-maven-3.6.3/repository/com/fasterxml/jackson/dataformat/jackson-dataformat-xml/2.11.4/jackson-dataformat-xml-2.11.4.jar:/Users/joowing/Documents/develope/apache-maven-3.6.3/repository/com/fasterxml/jackson/core/jackson-core/2.11.4/jackson-core-2.11.4.jar:/Users/joowing/Documents/develope/apache-maven-3.6.3/repository/com/fasterxml/jackson/core/jackson-databind/2.11.4/jackson-databind-2.11.4.jar:/Users/joowing/Documents/develope/apache-maven-3.6.3/repository/com/fasterxml/jackson/module/jackson-module-jaxb-annotations/2.11.4/jackson-module-jaxb-annotations-2.11.4.jar:/Users/joowing/Documents/develope/apache-maven-3.6.3/repository/jakarta/activation/jakarta.activation-api/1.2.2/jakarta.activation-api-1.2.2.jar:/Users/joowing/Documents/develope/apache-maven-3.6.3/repository/org/codehaus/woodstox/stax2-api/4.2.1/stax2-api-4.2.1.jar:/Users/joowing/Documents/develope/apache-maven-3.6.3/repository/com/fasterxml/woodstox/woodstox-core/6.2.3/woodstox-core-6.2.3.jar:/Users/joowing/Documents/develope/apache-maven-3.6.3/repository/cn/hutool/hutool-all/5.6.3/hutool-all-5.6.3.jar:/Users/joowing/Documents/develope/apache-maven-3.6.3/repository/org/springframework/boot/spring-boot-starter/2.4.4/spring-boot-starter-2.4.4.jar:/Users/joowing/Documents/develope/apache-maven-3.6.3/repository/org/springframework/boot/spring-boot/2.4.4/spring-boot-2.4.4.jar:/Users/joowing/Documents/develope/apache-maven-3.6.3/repository/org/springframework/spring-context/5.3.5/spring-context-5.3.5.jar:/Users/joowing/Documents/develope/apache-maven-3.6.3/repository/org/springframework/boot/spring-boot-autoconfigure/2.4.4/spring-boot-autoconfigure-2.4.4.jar:/Users/joowing/Documents/develope/apache-maven-3.6.3/repository/org/springframework/boot/spring-boot-starter-logging/2.4.4/spring-boot-starter-logging-2.4.4.jar:/Users/joowing/Documents/develope/apache-maven-3.6.3/repository/ch/qos/logback/logback-classic/1.2.3/logback-classic-1.2.3.jar:/Users/joowing/Documents/develope/apache-maven-3.6.3/repository/ch/qos/logback/logback-core/1.2.3/logback-core-1.2.3.jar:/Users/joowing/Documents/develope/apache-maven-3.6.3/repository/org/apache/logging/log4j/log4j-to-slf4j/2.13.3/log4j-to-slf4j-2.13.3.jar:/Users/joowing/Documents/develope/apache-maven-3.6.3/repository/org/apache/logging/log4j/log4j-api/2.13.3/log4j-api-2.13.3.jar:/Users/joowing/Documents/develope/apache-maven-3.6.3/repository/org/slf4j/jul-to-slf4j/1.7.30/jul-to-slf4j-1.7.30.jar:/Users/joowing/Documents/develope/apache-maven-3.6.3/repository/jakarta/annotation/jakarta.annotation-api/1.3.5/jakarta.annotation-api-1.3.5.jar:/Users/joowing/Documents/develope/apache-maven-3.6.3/repository/org/springframework/spring-core/5.3.5/spring-core-5.3.5.jar:/Users/joowing/Documents/develope/apache-maven-3.6.3/repository/org/springframework/spring-jcl/5.3.5/spring-jcl-5.3.5.jar:/Users/joowing/Documents/develope/apache-maven-3.6.3/repository/org/yaml/snakeyaml/1.27/snakeyaml-1.27.jar:/Users/joowing/Documents/develope/apache-maven-3.6.3/repository/com/baomidou/mybatis-plus-boot-starter/3.3.2/mybatis-plus-boot-starter-3.3.2.jar:/Users/joowing/Documents/develope/apache-maven-3.6.3/repository/com/baomidou/mybatis-plus/3.3.2/mybatis-plus-3.3.2.jar:/Users/joowing/Documents/develope/apache-maven-3.6.3/repository/com/baomidou/mybatis-plus-extension/3.3.2/mybatis-plus-extension-3.3.2.jar:/Users/joowing/Documents/develope/apache-maven-3.6.3/repository/com/baomidou/mybatis-plus-core/3.3.2/mybatis-plus-core-3.3.2.jar:/Users/joowing/Documents/develope/apache-maven-3.6.3/repository/com/baomidou/mybatis-plus-annotation/3.3.2/mybatis-plus-annotation-3.3.2.jar:/Users/joowing/Documents/develope/apache-maven-3.6.3/repository/com/github/jsqlparser/jsqlparser/3.1/jsqlparser-3.1.jar:/Users/joowing/Documents/develope/apache-maven-3.6.3/repository/org/mybatis/mybatis/3.5.4/mybatis-3.5.4.jar:/Users/joowing/Documents/develope/apache-maven-3.6.3/repository/org/mybatis/mybatis-spring/2.0.4/mybatis-spring-2.0.4.jar:/Users/joowing/Documents/develope/apache-maven-3.6.3/repository/org/springframework/boot/spring-boot-starter-jdbc/2.4.4/spring-boot-starter-jdbc-2.4.4.jar:/Users/joowing/Documents/develope/apache-maven-3.6.3/repository/com/zaxxer/HikariCP/3.4.5/HikariCP-3.4.5.jar:/Users/joowing/Documents/develope/apache-maven-3.6.3/repository/org/springframework/spring-jdbc/5.3.5/spring-jdbc-5.3.5.jar:/Users/joowing/Documents/develope/apache-maven-3.6.3/repository/org/projectlombok/lombok/1.18.18/lombok-1.18.18.jar:/Users/joowing/Documents/develope/apache-maven-3.6.3/repository/org/springframework/boot/spring-boot-starter-test/2.4.4/spring-boot-starter-test-2.4.4.jar:/Users/joowing/Documents/develope/apache-maven-3.6.3/repository/org/springframework/boot/spring-boot-test/2.4.4/spring-boot-test-2.4.4.jar:/Users/joowing/Documents/develope/apache-maven-3.6.3/repository/org/springframework/boot/spring-boot-test-autoconfigure/2.4.4/spring-boot-test-autoconfigure-2.4.4.jar:/Users/joowing/Documents/develope/apache-maven-3.6.3/repository/com/jayway/jsonpath/json-path/2.4.0/json-path-2.4.0.jar:/Users/joowing/Documents/develope/apache-maven-3.6.3/repository/net/minidev/json-smart/2.3/json-smart-2.3.jar:/Users/joowing/Documents/develope/apache-maven-3.6.3/repository/net/minidev/accessors-smart/1.2/accessors-smart-1.2.jar:/Users/joowing/Documents/develope/apache-maven-3.6.3/repository/org/ow2/asm/asm/5.0.4/asm-5.0.4.jar:/Users/joowing/Documents/develope/apache-maven-3.6.3/repository/jakarta/xml/bind/jakarta.xml.bind-api/2.3.3/jakarta.xml.bind-api-2.3.3.jar:/Users/joowing/Documents/develope/apache-maven-3.6.3/repository/org/assertj/assertj-core/3.18.1/assertj-core-3.18.1.jar:/Users/joowing/Documents/develope/apache-maven-3.6.3/repository/org/hamcrest/hamcrest/2.2/hamcrest-2.2.jar:/Users/joowing/Documents/develope/apache-maven-3.6.3/repository/org/junit/jupiter/junit-jupiter/5.7.1/junit-jupiter-5.7.1.jar:/Users/joowing/Documents/develope/apache-maven-3.6.3/repository/org/junit/jupiter/junit-jupiter-api/5.7.1/junit-jupiter-api-5.7.1.jar:/Users/joowing/Documents/develope/apache-maven-3.6.3/repository/org/apiguardian/apiguardian-api/1.1.0/apiguardian-api-1.1.0.jar:/Users/joowing/Documents/develope/apache-maven-3.6.3/repository/org/opentest4j/opentest4j/1.2.0/opentest4j-1.2.0.jar:/Users/joowing/Documents/develope/apache-maven-3.6.3/repository/org/junit/platform/junit-platform-commons/1.7.1/junit-platform-commons-1.7.1.jar:/Users/joowing/Documents/develope/apache-maven-3.6.3/repository/org/junit/jupiter/junit-jupiter-params/5.7.1/junit-jupiter-params-5.7.1.jar:/Users/joowing/Documents/develope/apache-maven-3.6.3/repository/org/junit/jupiter/junit-jupiter-engine/5.7.1/junit-jupiter-engine-5.7.1.jar:/Users/joowing/Documents/develope/apache-maven-3.6.3/repository/org/junit/platform/junit-platform-engine/1.7.1/junit-platform-engine-1.7.1.jar:/Users/joowing/Documents/develope/apache-maven-3.6.3/repository/org/mockito/mockito-core/3.6.28/mockito-core-3.6.28.jar:/Users/joowing/Documents/develope/apache-maven-3.6.3/repository/net/bytebuddy/byte-buddy/1.10.22/byte-buddy-1.10.22.jar:/Users/joowing/Documents/develope/apache-maven-3.6.3/repository/net/bytebuddy/byte-buddy-agent/1.10.22/byte-buddy-agent-1.10.22.jar:/Users/joowing/Documents/develope/apache-maven-3.6.3/repository/org/objenesis/objenesis/3.1/objenesis-3.1.jar:/Users/joowing/Documents/develope/apache-maven-3.6.3/repository/org/mockito/mockito-junit-jupiter/3.6.28/mockito-junit-jupiter-3.6.28.jar:/Users/joowing/Documents/develope/apache-maven-3.6.3/repository/org/skyscreamer/jsonassert/1.5.0/jsonassert-1.5.0.jar:/Users/joowing/Documents/develope/apache-maven-3.6.3/repository/com/vaadin/external/google/android-json/0.0.20131108.vaadin1/android-json-0.0.20131108.vaadin1.jar:/Users/joowing/Documents/develope/apache-maven-3.6.3/repository/org/springframework/spring-test/5.3.5/spring-test-5.3.5.jar:/Users/joowing/Documents/develope/apache-maven-3.6.3/repository/org/xmlunit/xmlunit-core/2.7.0/xmlunit-core-2.7.0.jar:/Users/joowing/Documents/develope/apache-maven-3.6.3/repository/org/springframework/boot/spring-boot-starter-web/2.4.4/spring-boot-starter-web-2.4.4.jar:/Users/joowing/Documents/develope/apache-maven-3.6.3/repository/org/springframework/boot/spring-boot-starter-json/2.4.4/spring-boot-starter-json-2.4.4.jar:/Users/joowing/Documents/develope/apache-maven-3.6.3/repository/com/fasterxml/jackson/datatype/jackson-datatype-jdk8/2.11.4/jackson-datatype-jdk8-2.11.4.jar:/Users/joowing/Documents/develope/apache-maven-3.6.3/repository/com/fasterxml/jackson/datatype/jackson-datatype-jsr310/2.11.4/jackson-datatype-jsr310-2.11.4.jar:/Users/joowing/Documents/develope/apache-maven-3.6.3/repository/com/fasterxml/jackson/module/jackson-module-parameter-names/2.11.4/jackson-module-parameter-names-2.11.4.jar:/Users/joowing/Documents/develope/apache-maven-3.6.3/repository/org/springframework/boot/spring-boot-starter-tomcat/2.4.4/spring-boot-starter-tomcat-2.4.4.jar:/Users/joowing/Documents/develope/apache-maven-3.6.3/repository/org/apache/tomcat/embed/tomcat-embed-core/9.0.44/tomcat-embed-core-9.0.44.jar:/Users/joowing/Documents/develope/apache-maven-3.6.3/repository/org/glassfish/jakarta.el/3.0.3/jakarta.el-3.0.3.jar:/Users/joowing/Documents/develope/apache-maven-3.6.3/repository/org/apache/tomcat/embed/tomcat-embed-websocket/9.0.44/tomcat-embed-websocket-9.0.44.jar:/Users/joowing/Documents/develope/apache-maven-3.6.3/repository/org/springframework/spring-web/5.3.5/spring-web-5.3.5.jar:/Users/joowing/Documents/develope/apache-maven-3.6.3/repository/org/springframework/spring-beans/5.3.5/spring-beans-5.3.5.jar:/Users/joowing/Documents/develope/apache-maven-3.6.3/repository/org/springframework/spring-webmvc/5.3.5/spring-webmvc-5.3.5.jar:/Users/joowing/Documents/develope/apache-maven-3.6.3/repository/org/springframework/spring-aop/5.3.5/spring-aop-5.3.5.jar:/Users/joowing/Documents/develope/apache-maven-3.6.3/repository/org/springframework/spring-expression/5.3.5/spring-expression-5.3.5.jar:/Users/joowing/Documents/develope/apache-maven-3.6.3/repository/mysql/mysql-connector-java/8.0.24/mysql-connector-java-8.0.24.jar:/Users/joowing/Documents/develope/apache-maven-3.6.3/repository/org/apache/poi/poi/5.0.0/poi-5.0.0.jar:/Users/joowing/Documents/develope/apache-maven-3.6.3/repository/org/slf4j/jcl-over-slf4j/1.7.30/jcl-over-slf4j-1.7.30.jar:/Users/joowing/Documents/develope/apache-maven-3.6.3/repository/org/apache/commons/commons-collections4/4.4/commons-collections4-4.4.jar:/Users/joowing/Documents/develope/apache-maven-3.6.3/repository/org/apache/commons/commons-math3/3.6.1/commons-math3-3.6.1.jar:/Users/joowing/Documents/develope/apache-maven-3.6.3/repository/com/zaxxer/SparseBitSet/1.2/SparseBitSet-1.2.jar:/Users/joowing/Documents/develope/apache-maven-3.6.3/repository/commons-codec/commons-codec/1.15/commons-codec-1.15.jar:/Users/joowing/Documents/develope/apache-maven-3.6.3/repository/org/slf4j/slf4j-api/1.7.30/slf4j-api-1.7.30.jar:/Users/joowing/Documents/develope/apache-maven-3.6.3/repository/org/springframework/boot/spring-boot-starter-amqp/2.4.4/spring-boot-starter-amqp-2.4.4.jar:/Users/joowing/Documents/develope/apache-maven-3.6.3/repository/org/springframework/spring-messaging/5.3.5/spring-messaging-5.3.5.jar:/Users/joowing/Documents/develope/apache-maven-3.6.3/repository/org/springframework/amqp/spring-rabbit/2.3.6/spring-rabbit-2.3.6.jar:/Users/joowing/Documents/develope/apache-maven-3.6.3/repository/org/springframework/amqp/spring-amqp/2.3.6/spring-amqp-2.3.6.jar:/Users/joowing/Documents/develope/apache-maven-3.6.3/repository/org/springframework/retry/spring-retry/1.3.1/spring-retry-1.3.1.jar:/Users/joowing/Documents/develope/apache-maven-3.6.3/repository/com/rabbitmq/amqp-client/5.10.0/amqp-client-5.10.0.jar:/Users/joowing/Documents/develope/apache-maven-3.6.3/repository/org/springframework/spring-tx/5.3.5/spring-tx-5.3.5.jar:/Users/joowing/Documents/develope/apache-maven-3.6.3/repository/org/springframework/boot/spring-boot-starter-data-redis/2.4.4/spring-boot-starter-data-redis-2.4.4.jar:/Users/joowing/Documents/develope/apache-maven-3.6.3/repository/org/springframework/data/spring-data-redis/2.4.6/spring-data-redis-2.4.6.jar:/Users/joowing/Documents/develope/apache-maven-3.6.3/repository/org/springframework/data/spring-data-keyvalue/2.4.6/spring-data-keyvalue-2.4.6.jar:/Users/joowing/Documents/develope/apache-maven-3.6.3/repository/org/springframework/data/spring-data-commons/2.4.6/spring-data-commons-2.4.6.jar:/Users/joowing/Documents/develope/apache-maven-3.6.3/repository/org/springframework/spring-oxm/5.3.5/spring-oxm-5.3.5.jar:/Users/joowing/Documents/develope/apache-maven-3.6.3/repository/org/springframework/spring-context-support/5.3.5/spring-context-support-5.3.5.jar:/Users/joowing/Documents/develope/apache-maven-3.6.3/repository/io/lettuce/lettuce-core/6.0.3.RELEASE/lettuce-core-6.0.3.RELEASE.jar:/Users/joowing/Documents/develope/apache-maven-3.6.3/repository/io/netty/netty-common/4.1.60.Final/netty-common-4.1.60.Final.jar:/Users/joowing/Documents/develope/apache-maven-3.6.3/repository/io/netty/netty-handler/4.1.60.Final/netty-handler-4.1.60.Final.jar:/Users/joowing/Documents/develope/apache-maven-3.6.3/repository/io/netty/netty-resolver/4.1.60.Final/netty-resolver-4.1.60.Final.jar:/Users/joowing/Documents/develope/apache-maven-3.6.3/repository/io/netty/netty-buffer/4.1.60.Final/netty-buffer-4.1.60.Final.jar:/Users/joowing/Documents/develope/apache-maven-3.6.3/repository/io/netty/netty-codec/4.1.60.Final/netty-codec-4.1.60.Final.jar:/Users/joowing/Documents/develope/apache-maven-3.6.3/repository/io/netty/netty-transport/4.1.60.Final/netty-transport-4.1.60.Final.jar:/Users/joowing/Documents/develope/apache-maven-3.6.3/repository/io/projectreactor/reactor-core/3.4.4/reactor-core-3.4.4.jar:/Users/joowing/Documents/develope/apache-maven-3.6.3/repository/org/reactivestreams/reactive-streams/1.0.3/reactive-streams-1.0.3.jar:/Users/joowing/Documents/develope/apache-maven-3.6.3/repository/redis/clients/jedis/3.3.0/jedis-3.3.0.jar:/Users/joowing/Documents/develope/apache-maven-3.6.3/repository/org/apache/commons/commons-pool2/2.9.0/commons-pool2-2.9.0.jar:/Users/joowing/Documents/develope/apache-maven-3.6.3/repository/com/github/penggle/kaptcha/2.3.2/kaptcha-2.3.2.jar:/Users/joowing/Documents/develope/apache-maven-3.6.3/repository/javax/servlet/javax.servlet-api/4.0.1/javax.servlet-api-4.0.1.jar:/Users/joowing/Documents/develope/apache-maven-3.6.3/repository/com/jhlabs/filters/2.0.235-1/filters-2.0.235-1.jar:/Users/joowing/Documents/develope/apache-maven-3.6.3/repository/org/aspectj/aspectjweaver/1.9.6/aspectjweaver-1.9.6.jar:"/>
    <property name="sun.cpu.endian" value="little"/>
    <property name="user.home" value="/Users/joowing"/>
    <property name="user.language" value="zh"/>
    <property name="java.specification.vendor" value="Oracle Corporation"/>
    <property name="java.home" value="/Library/Java/JavaVirtualMachines/jdk1.8.0_251.jdk/Contents/Home/jre"/>
    <property name="basedir" value="/Users/joowing/Documents/project/backend"/>
    <property name="file.separator" value="/"/>
    <property name="line.separator" value="&#10;"/>
    <property name="java.vm.specification.vendor" value="Oracle Corporation"/>
    <property name="java.specification.name" value="Java Platform API Specification"/>
    <property name="java.awt.graphicsenv" value="sun.awt.CGraphicsEnvironment"/>
    <property name="surefire.real.class.path" value="/Users/joowing/Documents/project/backend/target/surefire/surefirebooter4442352307006820756.jar"/>
    <property name="sun.boot.class.path" value="/Library/Java/JavaVirtualMachines/jdk1.8.0_251.jdk/Contents/Home/jre/lib/resources.jar:/Library/Java/JavaVirtualMachines/jdk1.8.0_251.jdk/Contents/Home/jre/lib/rt.jar:/Library/Java/JavaVirtualMachines/jdk1.8.0_251.jdk/Contents/Home/jre/lib/sunrsasign.jar:/Library/Java/JavaVirtualMachines/jdk1.8.0_251.jdk/Contents/Home/jre/lib/jsse.jar:/Library/Java/JavaVirtualMachines/jdk1.8.0_251.jdk/Contents/Home/jre/lib/jce.jar:/Library/Java/JavaVirtualMachines/jdk1.8.0_251.jdk/Contents/Home/jre/lib/charsets.jar:/Library/Java/JavaVirtualMachines/jdk1.8.0_251.jdk/Contents/Home/jre/lib/jfr.jar:/Library/Java/JavaVirtualMachines/jdk1.8.0_251.jdk/Contents/Home/jre/classes"/>
    <property name="sun.management.compiler" value="HotSpot 64-Bit Tiered Compilers"/>
    <property name="ftp.nonProxyHosts" value="local|*.local|169.254/16|*.169.254/16"/>
    <property name="java.runtime.version" value="1.8.0_251-b08"/>
    <property name="user.name" value="joowing"/>
    <property name="path.separator" value=":"/>
    <property name="os.version" value="10.15.7"/>
    <property name="java.endorsed.dirs" value="/Library/Java/JavaVirtualMachines/jdk1.8.0_251.jdk/Contents/Home/jre/lib/endorsed"/>
    <property name="java.runtime.name" value="Java(TM) SE Runtime Environment"/>
    <property name="file.encoding" value="UTF-8"/>
    <property name="java.vm.name" value="Java HotSpot(TM) 64-Bit Server VM"/>
    <property name="localRepository" value="/Users/joowing/Documents/develope/apache-maven-3.6.3/repository"/>
    <property name="java.vendor.url.bug" value="http://bugreport.sun.com/bugreport/"/>
    <property name="java.io.tmpdir" value="/var/folders/2d/x293gtvj6dn0hy7sbf5sbxwr0000gn/T/"/>
    <property name="java.version" value="1.8.0_251"/>
    <property name="user.dir" value="/Users/joowing/Documents/project/backend"/>
    <property name="os.arch" value="x86_64"/>
    <property name="java.vm.specification.name" value="Java Virtual Machine Specification"/>
    <property name="java.awt.printerjob" value="sun.lwawt.macosx.CPrinterJob"/>
    <property name="sun.os.patch.level" value="unknown"/>
    <property name="idea.version2019.3.5" value="true"/>
    <property name="java.library.path" value="/Users/joowing/Library/Java/Extensions:/Library/Java/Extensions:/Network/Library/Java/Extensions:/System/Library/Java/Extensions:/usr/lib/java:."/>
    <property name="java.vm.info" value="mixed mode"/>
    <property name="java.vendor" value="Oracle Corporation"/>
    <property name="java.vm.version" value="25.251-b08"/>
    <property name="java.ext.dirs" value="/Users/joowing/Library/Java/Extensions:/Library/Java/JavaVirtualMachines/jdk1.8.0_251.jdk/Contents/Home/jre/lib/ext:/Library/Java/Extensions:/Network/Library/Java/Extensions:/System/Library/Java/Extensions:/usr/lib/java"/>
    <property name="sun.io.unicode.encoding" value="UnicodeBig"/>
    <property name="maven.repo.local" value="/Users/joowing/Documents/develope/apache-maven-3.6.3/repository"/>
    <property name="java.class.version" value="52.0"/>
    <property name="socksNonProxyHosts" value="local|*.local|169.254/16|*.169.254/16"/>
  </properties>
  <testcase name="contextLoads" classname="com.tian.backend.TestBackendApplicationTests" time="0.224"/>
</testsuite>